{"/Users/Christian/Documents/dev/React-course-projects/expensify-app/src/actions/expenses.js": {"path":"/Users/Christian/Documents/dev/React-course-projects/expensify-app/src/actions/expenses.js","statementMap":{"0":{"start":{"line":4,"column":26},"end":{"line":21,"column":3}},"1":{"start":{"line":12,"column":1},"end":{"line":21,"column":2}},"2":{"start":{"line":24,"column":29},"end":{"line":27,"column":2}},"3":{"start":{"line":24,"column":47},"end":{"line":27,"column":1}},"4":{"start":{"line":30,"column":27},"end":{"line":34,"column":2}},"5":{"start":{"line":30,"column":45},"end":{"line":34,"column":1}}},"fnMap":{"0":{"name":"(anonymous_0)","decl":{"start":{"line":4,"column":26},"end":{"line":4,"column":27}},"loc":{"start":{"line":12,"column":1},"end":{"line":21,"column":2}},"line":12},"1":{"name":"(anonymous_1)","decl":{"start":{"line":24,"column":29},"end":{"line":24,"column":30}},"loc":{"start":{"line":24,"column":47},"end":{"line":27,"column":1}},"line":24},"2":{"name":"(anonymous_2)","decl":{"start":{"line":30,"column":27},"end":{"line":30,"column":28}},"loc":{"start":{"line":30,"column":45},"end":{"line":34,"column":1}},"line":30}},"branchMap":{"0":{"loc":{"start":{"line":5,"column":1},"end":{"line":10,"column":7}},"type":"default-arg","locations":[{"start":{"line":10,"column":5},"end":{"line":10,"column":7}}],"line":5},"1":{"loc":{"start":{"line":6,"column":2},"end":{"line":6,"column":18}},"type":"default-arg","locations":[{"start":{"line":6,"column":16},"end":{"line":6,"column":18}}],"line":6},"2":{"loc":{"start":{"line":7,"column":2},"end":{"line":7,"column":11}},"type":"default-arg","locations":[{"start":{"line":7,"column":9},"end":{"line":7,"column":11}}],"line":7},"3":{"loc":{"start":{"line":8,"column":2},"end":{"line":8,"column":12}},"type":"default-arg","locations":[{"start":{"line":8,"column":11},"end":{"line":8,"column":12}}],"line":8},"4":{"loc":{"start":{"line":9,"column":2},"end":{"line":9,"column":15}},"type":"default-arg","locations":[{"start":{"line":9,"column":14},"end":{"line":9,"column":15}}],"line":9},"5":{"loc":{"start":{"line":24,"column":30},"end":{"line":24,"column":41}},"type":"default-arg","locations":[{"start":{"line":24,"column":39},"end":{"line":24,"column":41}}],"line":24}},"s":{"0":1,"1":2,"2":1,"3":1,"4":1,"5":1},"f":{"0":2,"1":1,"2":1},"b":{"0":[1],"1":[1],"2":[1],"3":[1],"4":[1],"5":[0]},"_coverageSchema":"332fd63041d2c1bcb487cc26dd0d5f7d97098a6c","hash":"1f2c41a8ce546a160358f068e426226db277bc0e"}
,"/Users/Christian/Documents/dev/React-course-projects/expensify-app/src/actions/filters.js": {"path":"/Users/Christian/Documents/dev/React-course-projects/expensify-app/src/actions/filters.js","statementMap":{"0":{"start":{"line":3,"column":29},"end":{"line":8,"column":2}},"1":{"start":{"line":3,"column":52},"end":{"line":8,"column":1}},"2":{"start":{"line":11,"column":28},"end":{"line":15,"column":2}},"3":{"start":{"line":11,"column":35},"end":{"line":15,"column":1}},"4":{"start":{"line":18,"column":26},"end":{"line":22,"column":2}},"5":{"start":{"line":18,"column":33},"end":{"line":22,"column":1}},"6":{"start":{"line":25,"column":28},"end":{"line":29,"column":2}},"7":{"start":{"line":25,"column":56},"end":{"line":29,"column":1}},"8":{"start":{"line":32,"column":26},"end":{"line":35,"column":2}},"9":{"start":{"line":32,"column":52},"end":{"line":35,"column":1}}},"fnMap":{"0":{"name":"(anonymous_0)","decl":{"start":{"line":3,"column":29},"end":{"line":3,"column":30}},"loc":{"start":{"line":3,"column":52},"end":{"line":8,"column":1}},"line":3},"1":{"name":"(anonymous_1)","decl":{"start":{"line":11,"column":28},"end":{"line":11,"column":29}},"loc":{"start":{"line":11,"column":35},"end":{"line":15,"column":1}},"line":11},"2":{"name":"(anonymous_2)","decl":{"start":{"line":18,"column":26},"end":{"line":18,"column":27}},"loc":{"start":{"line":18,"column":33},"end":{"line":22,"column":1}},"line":18},"3":{"name":"(anonymous_3)","decl":{"start":{"line":25,"column":28},"end":{"line":25,"column":29}},"loc":{"start":{"line":25,"column":56},"end":{"line":29,"column":1}},"line":25},"4":{"name":"(anonymous_4)","decl":{"start":{"line":32,"column":26},"end":{"line":32,"column":27}},"loc":{"start":{"line":32,"column":52},"end":{"line":35,"column":1}},"line":32}},"branchMap":{"0":{"loc":{"start":{"line":3,"column":30},"end":{"line":3,"column":46}},"type":"default-arg","locations":[{"start":{"line":3,"column":44},"end":{"line":3,"column":46}}],"line":3},"1":{"loc":{"start":{"line":25,"column":29},"end":{"line":25,"column":50}},"type":"default-arg","locations":[{"start":{"line":25,"column":41},"end":{"line":25,"column":50}}],"line":25},"2":{"loc":{"start":{"line":32,"column":27},"end":{"line":32,"column":46}},"type":"default-arg","locations":[{"start":{"line":32,"column":37},"end":{"line":32,"column":46}}],"line":32}},"s":{"0":1,"1":2,"2":1,"3":1,"4":1,"5":1,"6":1,"7":1,"8":1,"9":1},"f":{"0":2,"1":1,"2":1,"3":1,"4":1},"b":{"0":[1],"1":[0],"2":[0]},"_coverageSchema":"332fd63041d2c1bcb487cc26dd0d5f7d97098a6c","hash":"168950016c02a3b3d12c0eb21e156c302c0d1677"}
,"/Users/Christian/Documents/dev/React-course-projects/expensify-app/src/reducers/expenses.js": {"path":"/Users/Christian/Documents/dev/React-course-projects/expensify-app/src/reducers/expenses.js","statementMap":{"0":{"start":{"line":3,"column":36},"end":{"line":3,"column":38}},"1":{"start":{"line":6,"column":1},"end":{"line":36,"column":2}},"2":{"start":{"line":9,"column":3},"end":{"line":12,"column":5}},"3":{"start":{"line":17,"column":3},"end":{"line":17,"column":53}},"4":{"start":{"line":17,"column":35},"end":{"line":17,"column":51}},"5":{"start":{"line":20,"column":3},"end":{"line":31,"column":6}},"6":{"start":{"line":21,"column":4},"end":{"line":30,"column":5}},"7":{"start":{"line":23,"column":5},"end":{"line":26,"column":6}},"8":{"start":{"line":29,"column":5},"end":{"line":29,"column":19}},"9":{"start":{"line":34,"column":3},"end":{"line":34,"column":16}}},"fnMap":{"0":{"name":"(anonymous_0)","decl":{"start":{"line":5,"column":15},"end":{"line":5,"column":16}},"loc":{"start":{"line":5,"column":64},"end":{"line":37,"column":1}},"line":5},"1":{"name":"(anonymous_1)","decl":{"start":{"line":17,"column":23},"end":{"line":17,"column":24}},"loc":{"start":{"line":17,"column":35},"end":{"line":17,"column":51}},"line":17},"2":{"name":"(anonymous_2)","decl":{"start":{"line":20,"column":20},"end":{"line":20,"column":21}},"loc":{"start":{"line":20,"column":33},"end":{"line":31,"column":4}},"line":20}},"branchMap":{"0":{"loc":{"start":{"line":5,"column":16},"end":{"line":5,"column":51}},"type":"default-arg","locations":[{"start":{"line":5,"column":24},"end":{"line":5,"column":51}}],"line":5},"1":{"loc":{"start":{"line":6,"column":1},"end":{"line":36,"column":2}},"type":"switch","locations":[{"start":{"line":8,"column":2},"end":{"line":12,"column":5}},{"start":{"line":14,"column":2},"end":{"line":17,"column":53}},{"start":{"line":19,"column":2},"end":{"line":31,"column":6}},{"start":{"line":33,"column":2},"end":{"line":34,"column":16}}],"line":6},"2":{"loc":{"start":{"line":21,"column":4},"end":{"line":30,"column":5}},"type":"if","locations":[{"start":{"line":21,"column":4},"end":{"line":30,"column":5}},{"start":{"line":21,"column":4},"end":{"line":30,"column":5}}],"line":21}},"s":{"0":1,"1":6,"2":1,"3":2,"4":6,"5":2,"6":6,"7":1,"8":5,"9":1},"f":{"0":6,"1":6,"2":6},"b":{"0":[1],"1":[1,2,2,1],"2":[1,5]},"_coverageSchema":"332fd63041d2c1bcb487cc26dd0d5f7d97098a6c","hash":"026082d9cdccd2cea63c1412b135658d9f795d87"}
,"/Users/Christian/Documents/dev/React-course-projects/expensify-app/src/reducers/filters.js": {"path":"/Users/Christian/Documents/dev/React-course-projects/expensify-app/src/reducers/filters.js","statementMap":{"0":{"start":{"line":5,"column":34},"end":{"line":10,"column":1}},"1":{"start":{"line":13,"column":1},"end":{"line":48,"column":2}},"2":{"start":{"line":16,"column":3},"end":{"line":19,"column":5}},"3":{"start":{"line":22,"column":3},"end":{"line":25,"column":5}},"4":{"start":{"line":27,"column":3},"end":{"line":30,"column":5}},"5":{"start":{"line":33,"column":3},"end":{"line":36,"column":5}},"6":{"start":{"line":39,"column":3},"end":{"line":42,"column":5}},"7":{"start":{"line":46,"column":3},"end":{"line":46,"column":16}}},"fnMap":{"0":{"name":"(anonymous_0)","decl":{"start":{"line":12,"column":15},"end":{"line":12,"column":16}},"loc":{"start":{"line":12,"column":62},"end":{"line":49,"column":1}},"line":12}},"branchMap":{"0":{"loc":{"start":{"line":12,"column":16},"end":{"line":12,"column":49}},"type":"default-arg","locations":[{"start":{"line":12,"column":24},"end":{"line":12,"column":49}}],"line":12},"1":{"loc":{"start":{"line":13,"column":1},"end":{"line":48,"column":2}},"type":"switch","locations":[{"start":{"line":15,"column":2},"end":{"line":19,"column":5}},{"start":{"line":21,"column":2},"end":{"line":25,"column":5}},{"start":{"line":26,"column":2},"end":{"line":30,"column":5}},{"start":{"line":32,"column":2},"end":{"line":36,"column":5}},{"start":{"line":38,"column":2},"end":{"line":42,"column":5}},{"start":{"line":45,"column":2},"end":{"line":46,"column":16}}],"line":13}},"s":{"0":1,"1":6,"2":1,"3":1,"4":1,"5":1,"6":1,"7":1},"f":{"0":6},"b":{"0":[5],"1":[1,1,1,1,1,1]},"_coverageSchema":"332fd63041d2c1bcb487cc26dd0d5f7d97098a6c","hash":"053074b1ab95e48e27cf1d1e2a13341bff6795ef"}
,"/Users/Christian/Documents/dev/React-course-projects/expensify-app/src/selectors/expenses.js": {"path":"/Users/Christian/Documents/dev/React-course-projects/expensify-app/src/selectors/expenses.js","statementMap":{"0":{"start":{"line":5,"column":1},"end":{"line":22,"column":4}},"1":{"start":{"line":7,"column":26},"end":{"line":7,"column":51}},"2":{"start":{"line":9,"column":25},"end":{"line":9,"column":92}},"3":{"start":{"line":10,"column":23},"end":{"line":10,"column":85}},"4":{"start":{"line":11,"column":20},"end":{"line":11,"column":82}},"5":{"start":{"line":13,"column":2},"end":{"line":13,"column":53}},"6":{"start":{"line":16,"column":2},"end":{"line":20,"column":3}},"7":{"start":{"line":17,"column":3},"end":{"line":17,"column":44}},"8":{"start":{"line":18,"column":9},"end":{"line":20,"column":3}},"9":{"start":{"line":19,"column":3},"end":{"line":19,"column":38}}},"fnMap":{"0":{"name":"(anonymous_0)","decl":{"start":{"line":3,"column":15},"end":{"line":3,"column":16}},"loc":{"start":{"line":3,"column":65},"end":{"line":24,"column":1}},"line":3},"1":{"name":"(anonymous_1)","decl":{"start":{"line":5,"column":24},"end":{"line":5,"column":25}},"loc":{"start":{"line":5,"column":37},"end":{"line":14,"column":2}},"line":5},"2":{"name":"(anonymous_2)","decl":{"start":{"line":14,"column":9},"end":{"line":14,"column":10}},"loc":{"start":{"line":14,"column":19},"end":{"line":22,"column":2}},"line":14}},"branchMap":{"0":{"loc":{"start":{"line":9,"column":25},"end":{"line":9,"column":92}},"type":"cond-expr","locations":[{"start":{"line":9,"column":37},"end":{"line":9,"column":85}},{"start":{"line":9,"column":88},"end":{"line":9,"column":92}}],"line":9},"1":{"loc":{"start":{"line":10,"column":23},"end":{"line":10,"column":85}},"type":"cond-expr","locations":[{"start":{"line":10,"column":33},"end":{"line":10,"column":78}},{"start":{"line":10,"column":81},"end":{"line":10,"column":85}}],"line":10},"2":{"loc":{"start":{"line":13,"column":9},"end":{"line":13,"column":52}},"type":"binary-expr","locations":[{"start":{"line":13,"column":9},"end":{"line":13,"column":23}},{"start":{"line":13,"column":27},"end":{"line":13,"column":39}},{"start":{"line":13,"column":43},"end":{"line":13,"column":52}}],"line":13},"3":{"loc":{"start":{"line":16,"column":2},"end":{"line":20,"column":3}},"type":"if","locations":[{"start":{"line":16,"column":2},"end":{"line":20,"column":3}},{"start":{"line":16,"column":2},"end":{"line":20,"column":3}}],"line":16},"4":{"loc":{"start":{"line":17,"column":10},"end":{"line":17,"column":44}},"type":"cond-expr","locations":[{"start":{"line":17,"column":38},"end":{"line":17,"column":39}},{"start":{"line":17,"column":42},"end":{"line":17,"column":44}}],"line":17},"5":{"loc":{"start":{"line":18,"column":9},"end":{"line":20,"column":3}},"type":"if","locations":[{"start":{"line":18,"column":9},"end":{"line":20,"column":3}},{"start":{"line":18,"column":9},"end":{"line":20,"column":3}}],"line":18},"6":{"loc":{"start":{"line":19,"column":10},"end":{"line":19,"column":38}},"type":"cond-expr","locations":[{"start":{"line":19,"column":32},"end":{"line":19,"column":33}},{"start":{"line":19,"column":36},"end":{"line":19,"column":38}}],"line":19}},"s":{"0":5,"1":15,"2":15,"3":15,"4":15,"5":15,"6":9,"7":6,"8":3,"9":3},"f":{"0":5,"1":15,"2":9},"b":{"0":[3,12],"1":[3,12],"2":[15,14,13],"3":[6,3],"4":[4,2],"5":[3,0],"6":[3,0]},"_coverageSchema":"332fd63041d2c1bcb487cc26dd0d5f7d97098a6c","hash":"4704875a7f8cbf61c1bb62390fa06bc8964b1972"}
,"/Users/Christian/Documents/dev/React-course-projects/expensify-app/src/tests/fixtures/expenses.js": {"path":"/Users/Christian/Documents/dev/React-course-projects/expensify-app/src/tests/fixtures/expenses.js","statementMap":{},"fnMap":{},"branchMap":{},"s":{},"f":{},"b":{},"_coverageSchema":"332fd63041d2c1bcb487cc26dd0d5f7d97098a6c","hash":"f7041011e3ae45a16f7f07330f56b725f521b1d9"}
}
