TN:
SF:/Users/Christian/Documents/dev/React-course-projects/expensify-app/src/actions/expenses.js
FN:4,(anonymous_0)
FN:24,(anonymous_1)
FN:30,(anonymous_2)
FNF:3
FNH:3
FNDA:2,(anonymous_0)
FNDA:1,(anonymous_1)
FNDA:1,(anonymous_2)
DA:4,1
DA:12,2
DA:24,1
DA:30,1
LF:4
LH:4
BRDA:5,0,0,1
BRDA:6,1,0,1
BRDA:7,2,0,1
BRDA:8,3,0,1
BRDA:9,4,0,1
BRDA:24,5,0,0
BRF:6
BRH:5
end_of_record
TN:
SF:/Users/Christian/Documents/dev/React-course-projects/expensify-app/src/actions/filters.js
FN:3,(anonymous_0)
FN:11,(anonymous_1)
FN:18,(anonymous_2)
FN:25,(anonymous_3)
FN:32,(anonymous_4)
FNF:5
FNH:5
FNDA:2,(anonymous_0)
FNDA:1,(anonymous_1)
FNDA:1,(anonymous_2)
FNDA:1,(anonymous_3)
FNDA:1,(anonymous_4)
DA:3,2
DA:11,1
DA:18,1
DA:25,1
DA:32,1
LF:5
LH:5
BRDA:3,0,0,1
BRDA:25,1,0,0
BRDA:32,2,0,0
BRF:3
BRH:1
end_of_record
TN:
SF:/Users/Christian/Documents/dev/React-course-projects/expensify-app/src/reducers/expenses.js
FN:5,(anonymous_0)
FN:17,(anonymous_1)
FN:20,(anonymous_2)
FNF:3
FNH:3
FNDA:6,(anonymous_0)
FNDA:6,(anonymous_1)
FNDA:6,(anonymous_2)
DA:3,1
DA:6,6
DA:9,1
DA:17,6
DA:20,2
DA:21,6
DA:23,1
DA:29,5
DA:34,1
LF:9
LH:9
BRDA:5,0,0,1
BRDA:6,1,0,1
BRDA:6,1,1,2
BRDA:6,1,2,2
BRDA:6,1,3,1
BRDA:21,2,0,1
BRDA:21,2,1,5
BRF:7
BRH:7
end_of_record
TN:
SF:/Users/Christian/Documents/dev/React-course-projects/expensify-app/src/reducers/filters.js
FN:12,(anonymous_0)
FNF:1
FNH:1
FNDA:6,(anonymous_0)
DA:5,1
DA:13,6
DA:16,1
DA:22,1
DA:27,1
DA:33,1
DA:39,1
DA:46,1
LF:8
LH:8
BRDA:12,0,0,5
BRDA:13,1,0,1
BRDA:13,1,1,1
BRDA:13,1,2,1
BRDA:13,1,3,1
BRDA:13,1,4,1
BRDA:13,1,5,1
BRF:7
BRH:7
end_of_record
TN:
SF:/Users/Christian/Documents/dev/React-course-projects/expensify-app/src/selectors/expenses.js
FN:3,(anonymous_0)
FN:5,(anonymous_1)
FN:14,(anonymous_2)
FNF:3
FNH:3
FNDA:5,(anonymous_0)
FNDA:15,(anonymous_1)
FNDA:9,(anonymous_2)
DA:5,5
DA:7,15
DA:9,15
DA:10,15
DA:11,15
DA:13,15
DA:16,9
DA:17,6
DA:18,3
DA:19,3
LF:10
LH:10
BRDA:9,0,0,3
BRDA:9,0,1,12
BRDA:10,1,0,3
BRDA:10,1,1,12
BRDA:13,2,0,15
BRDA:13,2,1,14
BRDA:13,2,2,13
BRDA:16,3,0,6
BRDA:16,3,1,3
BRDA:17,4,0,4
BRDA:17,4,1,2
BRDA:18,5,0,3
BRDA:18,5,1,0
BRDA:19,6,0,3
BRDA:19,6,1,0
BRF:15
BRH:13
end_of_record
TN:
SF:/Users/Christian/Documents/dev/React-course-projects/expensify-app/src/tests/fixtures/expenses.js
FNF:0
FNH:0
LF:0
LH:0
BRF:0
BRH:0
end_of_record
